TN:
SF:script/DeployLevr.s.sol
DA:112,0
FN:112,DeployLevr.getClankerFactory
FNDA:0,DeployLevr.getClankerFactory
DA:114,0
BRDA:114,0,0,-
DA:116,0
BRDA:116,1,0,-
DA:118,0
DA:126,0
FN:126,DeployLevr.getWETH
FNDA:0,DeployLevr.getWETH
DA:128,0
BRDA:128,2,0,-
DA:130,0
BRDA:130,3,0,-
DA:132,0
DA:139,0
FN:139,DeployLevr.loadConfig
FNDA:0,DeployLevr.loadConfig
DA:140,0
DA:141,0
DA:142,0
DA:145,0
DA:148,0
DA:151,0
DA:154,0
DA:157,0
DA:160,0
DA:163,0
DA:166,0
DA:169,0
DA:172,0
DA:175,0
DA:180,0
FN:180,DeployLevr.run
FNDA:0,DeployLevr.run
DA:182,0
DA:185,0
DA:186,0
DA:187,0
DA:188,0
DA:189,0
DA:191,0
BRDA:191,4,0,-
BRDA:191,4,1,-
DA:196,0
DA:197,0
DA:198,0
DA:199,0
DA:205,0
DA:209,0
DA:210,0
DA:211,0
DA:213,0
DA:217,0
DA:218,0
DA:219,0
DA:220,0
DA:221,0
DA:223,0
BRDA:223,5,0,-
BRDA:223,5,1,-
DA:234,0
DA:235,0
DA:239,0
BRDA:239,6,0,-
BRDA:239,6,1,-
DA:240,0
DA:242,0
DA:244,0
DA:247,0
BRDA:247,7,0,-
BRDA:247,7,1,-
DA:248,0
BRDA:248,8,0,-
BRDA:248,8,1,-
DA:249,0
BRDA:249,9,0,-
BRDA:249,9,1,-
DA:250,0
BRDA:250,10,0,-
BRDA:250,10,1,-
DA:251,0
BRDA:251,11,0,-
BRDA:251,11,1,-
DA:252,0
BRDA:252,12,0,-
BRDA:252,12,1,-
DA:253,0
BRDA:253,13,0,-
BRDA:253,13,1,-
DA:254,0
BRDA:254,14,0,-
BRDA:254,14,1,-
DA:255,0
BRDA:255,15,0,-
BRDA:255,15,1,-
DA:256,0
BRDA:256,16,0,-
BRDA:256,16,1,-
DA:257,0
BRDA:257,17,0,-
BRDA:257,17,1,-
DA:260,0
DA:274,0
DA:275,0
BRDA:275,18,0,-
BRDA:275,18,1,-
DA:276,0
DA:278,0
DA:280,0
DA:281,0
DA:282,0
DA:283,0
DA:284,0
DA:285,0
DA:286,0
DA:287,0
DA:288,0
DA:289,0
DA:290,0
DA:291,0
DA:292,0
DA:293,0
DA:299,0
DA:300,0
DA:302,0
DA:305,0
DA:306,0
DA:307,0
DA:308,0
DA:313,0
DA:314,0
DA:315,0
DA:316,0
DA:317,0
DA:320,0
DA:321,0
DA:322,0
DA:323,0
DA:324,0
DA:327,0
DA:328,0
DA:329,0
DA:330,0
DA:331,0
DA:332,0
DA:335,0
DA:336,0
DA:343,0
DA:346,0
BRDA:346,19,0,-
BRDA:346,19,1,-
DA:350,0
DA:351,0
DA:354,0
DA:355,0
DA:356,0
DA:357,0
DA:360,0
DA:361,0
DA:365,0
DA:366,0
DA:368,0
DA:374,0
DA:377,0
BRDA:377,20,0,-
BRDA:377,20,1,-
DA:378,0
BRDA:378,21,0,-
BRDA:378,21,1,-
DA:382,0
BRDA:382,22,0,-
BRDA:382,22,1,-
DA:386,0
BRDA:386,23,0,-
BRDA:386,23,1,-
DA:390,0
BRDA:390,24,0,-
BRDA:390,24,1,-
DA:394,0
BRDA:394,25,0,-
BRDA:394,25,1,-
DA:395,0
BRDA:395,26,0,-
BRDA:395,26,1,-
DA:396,0
BRDA:396,27,0,-
BRDA:396,27,1,-
DA:400,0
BRDA:400,28,0,-
BRDA:400,28,1,-
DA:404,0
BRDA:404,29,0,-
BRDA:404,29,1,-
DA:408,0
BRDA:408,30,0,-
BRDA:408,30,1,-
DA:412,0
BRDA:412,31,0,-
BRDA:412,31,1,-
DA:414,0
DA:415,0
DA:421,0
DA:422,0
DA:423,0
DA:424,0
DA:425,0
DA:426,0
DA:427,0
DA:428,0
DA:429,0
DA:430,0
DA:431,0
DA:432,0
DA:433,0
DA:434,0
DA:435,0
DA:436,0
DA:437,0
DA:438,0
DA:439,0
DA:440,0
DA:441,0
DA:442,0
DA:443,0
DA:444,0
DA:445,0
DA:446,0
DA:447,0
DA:448,0
DA:449,0
DA:450,0
DA:451,0
FNF:4
FNH:0
LF:166
LH:0
BRF:60
BRH:0
end_of_record
TN:
SF:script/DeployLevrFactoryDevnet.s.sol
DA:44,0
FN:44,DeployLevrFactoryDevnet.getWETH
FNDA:0,DeployLevrFactoryDevnet.getWETH
DA:46,0
BRDA:46,0,0,-
DA:48,0
BRDA:48,1,0,-
DA:50,0
DA:53,0
FN:53,DeployLevrFactoryDevnet.run
FNDA:0,DeployLevrFactoryDevnet.run
DA:54,0
DA:55,0
DA:60,0
DA:62,0
DA:63,0
DA:64,0
DA:65,0
DA:66,0
DA:67,0
DA:70,0
DA:85,0
DA:86,0
DA:87,0
DA:88,0
DA:89,0
DA:90,0
DA:91,0
DA:92,0
DA:93,0
DA:94,0
DA:95,0
DA:97,0
DA:100,0
DA:101,0
DA:106,0
DA:107,0
DA:108,0
DA:109,0
DA:113,0
DA:114,0
DA:115,0
DA:118,0
DA:119,0
DA:120,0
DA:121,0
DA:122,0
DA:125,0
DA:134,0
BRDA:134,2,0,-
BRDA:134,2,1,-
DA:138,0
DA:141,0
DA:142,0
DA:143,0
DA:144,0
DA:147,0
DA:148,0
DA:152,0
DA:154,0
DA:157,0
DA:159,0
DA:160,0
DA:161,0
DA:162,0
DA:163,0
DA:166,0
DA:167,0
DA:168,0
DA:169,0
DA:170,0
DA:171,0
DA:172,0
DA:173,0
DA:174,0
DA:175,0
DA:176,0
DA:177,0
DA:179,0
DA:180,0
DA:181,0
DA:182,0
DA:183,0
DA:184,0
DA:185,0
DA:186,0
FNF:2
FNH:0
LF:78
LH:0
BRF:4
BRH:0
end_of_record
TN:
SF:script/DeployLevrFeeSplitter.s.sol
DA:57,0
FN:57,DeployLevrFeeSplitter.run
FNDA:0,DeployLevrFeeSplitter.run
DA:62,0
DA:63,0
DA:66,0
BRDA:66,0,0,-
BRDA:66,0,1,-
DA:67,0
DA:69,0
DA:70,0
DA:71,0
DA:72,0
DA:73,0
DA:79,0
DA:82,0
BRDA:82,1,0,-
BRDA:82,1,1,-
DA:88,0
DA:89,0
DA:90,0
DA:93,0
BRDA:93,2,0,-
BRDA:93,2,1,-
DA:97,0
DA:100,0
BRDA:100,3,0,-
BRDA:100,3,1,-
DA:101,0
DA:103,0
DA:105,0
BRDA:105,4,0,-
BRDA:105,4,1,-
DA:106,0
DA:109,0
DA:110,0
BRDA:110,5,0,-
BRDA:110,5,1,-
DA:111,0
DA:112,0
DA:115,0
BRDA:115,6,0,-
DA:116,0
DA:117,0
DA:118,0
BRDA:118,6,1,-
DA:119,0
DA:124,0
BRDA:124,7,0,-
BRDA:124,7,1,-
DA:125,0
DA:127,0
DA:129,0
BRDA:129,8,0,-
BRDA:129,8,1,-
DA:130,0
DA:132,0
DA:138,0
DA:139,0
DA:140,0
DA:141,0
DA:142,0
DA:143,0
DA:144,0
DA:145,0
DA:146,0
DA:147,0
DA:148,0
DA:149,0
DA:150,0
DA:156,0
DA:157,0
DA:159,0
DA:162,0
DA:163,0
DA:167,0
DA:168,0
DA:170,0
DA:176,0
DA:179,0
BRDA:179,9,0,-
BRDA:179,9,1,-
DA:183,0
DA:186,0
BRDA:186,10,0,-
BRDA:186,10,1,-
DA:190,0
DA:194,0
DA:195,0
DA:196,0
BRDA:196,11,0,-
BRDA:196,11,1,-
DA:200,0
DA:202,0
DA:203,0
DA:209,0
DA:210,0
DA:211,0
DA:212,0
DA:213,0
DA:214,0
DA:215,0
DA:216,0
DA:217,0
DA:218,0
DA:224,0
DA:225,0
DA:226,0
DA:227,0
DA:228,0
DA:229,0
DA:230,0
DA:231,0
DA:232,0
DA:233,0
DA:234,0
DA:235,0
DA:236,0
DA:237,0
DA:238,0
DA:239,0
DA:240,0
DA:241,0
DA:242,0
DA:243,0
DA:244,0
DA:245,0
DA:246,0
DA:247,0
DA:248,0
DA:249,0
DA:250,0
DA:251,0
DA:252,0
DA:253,0
DA:254,0
DA:255,0
DA:256,0
DA:257,0
DA:258,0
DA:259,0
DA:260,0
DA:261,0
DA:262,0
DA:263,0
DA:264,0
DA:265,0
DA:266,0
DA:267,0
DA:273,0
DA:274,0
DA:275,0
DA:276,0
DA:277,0
DA:278,0
DA:279,0
DA:280,0
DA:281,0
DA:282,0
DA:283,0
DA:284,0
DA:285,0
DA:286,0
DA:287,0
DA:288,0
DA:289,0
DA:290,0
DA:291,0
DA:292,0
DA:293,0
DA:294,0
DA:295,0
DA:296,0
DA:297,0
DA:298,0
DA:299,0
DA:300,0
DA:301,0
DA:302,0
DA:303,0
DA:306,0
DA:307,0
DA:308,0
DA:309,0
DA:310,0
DA:311,0
DA:312,0
DA:313,0
DA:319,0
DA:320,0
DA:321,0
DA:322,0
DA:323,0
DA:324,0
DA:325,0
DA:326,0
DA:327,0
DA:328,0
DA:329,0
DA:330,0
DA:331,0
DA:332,0
DA:333,0
DA:334,0
DA:335,0
DA:336,0
DA:337,0
DA:338,0
DA:339,0
DA:340,0
DA:341,0
DA:342,0
DA:343,0
FNF:1
FNH:0
LF:187
LH:0
BRF:24
BRH:0
end_of_record
TN:
SF:script/ExampleDeploy.s.sol
DA:31,0
FN:31,ExampleDeploy.run
FNDA:0,ExampleDeploy.run
DA:33,0
DA:34,0
BRDA:34,0,0,-
BRDA:34,0,1,-
DA:35,0
DA:37,0
DA:39,0
DA:40,0
DA:43,0
DA:44,0
BRDA:44,1,0,-
BRDA:44,1,1,-
DA:45,0
DA:47,0
DA:50,0
DA:51,0
DA:52,0
DA:53,0
DA:54,0
DA:56,0
DA:67,0
DA:76,0
DA:78,0
DA:79,0
DA:80,0
DA:81,0
DA:82,0
DA:96,0
DA:97,0
DA:98,0
FNF:1
FNH:0
LF:27
LH:0
BRF:4
BRH:0
end_of_record
TN:
SF:script/TransferFactoryOwnership.s.sol
DA:11,0
FN:11,TransferFactoryOwnership.run.0
FNDA:0,TransferFactoryOwnership.run.0
DA:13,0
DA:14,0
DA:16,0
BRDA:16,0,0,-
BRDA:16,0,1,-
DA:17,0
BRDA:17,1,0,-
BRDA:17,1,1,-
DA:19,0
DA:20,0
DA:21,0
DA:22,0
DA:24,0
DA:27,0
DA:28,0
DA:29,0
DA:30,0
BRDA:30,2,0,-
BRDA:30,2,1,-
DA:33,0
DA:36,0
DA:37,0
DA:38,0
DA:40,0
DA:43,0
DA:44,0
DA:45,0
DA:46,0
DA:48,0
BRDA:48,3,0,-
BRDA:48,3,1,-
DA:50,0
DA:51,0
DA:52,0
DA:53,0
DA:54,0
DA:55,0
DA:56,0
DA:57,0
DA:58,0
DA:66,0
FN:66,DeployMultisigHelper.run.1
FNDA:0,DeployMultisigHelper.run.1
DA:67,0
DA:68,0
DA:69,0
DA:70,0
DA:71,0
DA:72,0
DA:73,0
DA:74,0
DA:75,0
DA:76,0
DA:77,0
DA:78,0
DA:79,0
DA:80,0
DA:81,0
DA:82,0
DA:83,0
DA:84,0
DA:85,0
DA:86,0
DA:87,0
DA:88,0
DA:89,0
DA:90,0
DA:91,0
DA:92,0
DA:93,0
DA:94,0
DA:95,0
FNF:2
FNH:0
LF:63
LH:0
BRF:8
BRH:0
end_of_record
TN:
SF:src/LevrDeployer_v1.sol
DA:15,460
FN:15,LevrDeployer_v1.onlyAuthorized
FNDA:460,LevrDeployer_v1.onlyAuthorized
DA:16,460
BRDA:16,0,0,1
DA:20,451
FN:20,LevrDeployer_v1.constructor
FNDA:451,LevrDeployer_v1.constructor
DA:21,451
BRDA:21,1,0,2
DA:22,449
DA:26,459
FN:26,LevrDeployer_v1.deployProject
FNDA:459,LevrDeployer_v1.deployProject
DA:34,459
DA:35,459
DA:37,459
DA:38,459
DA:48,452
DA:59,452
DA:67,452
FNF:3
FNH:3
LF:13
LH:13
BRF:2
BRH:2
end_of_record
TN:
SF:src/LevrFactory_v1.sol
DA:50,532
FN:50,LevrFactory_v1.constructor
FNDA:532,LevrFactory_v1.constructor
DA:57,532
DA:58,532
DA:61,532
DA:62,421
BRDA:62,0,0,-
BRDA:62,0,1,-
DA:63,421
DA:68,469
FN:68,LevrFactory_v1.prepareForDeployment
FNDA:469,LevrFactory_v1.prepareForDeployment
DA:69,469
DA:71,469
DA:72,469
DA:74,469
DA:79,469
DA:83,472
FN:83,LevrFactory_v1.register
FNDA:472,LevrFactory_v1.register
DA:86,472
DA:87,472
BRDA:87,1,0,-
BRDA:87,1,1,-
DA:89,470
DA:92,470
DA:93,470
BRDA:93,2,0,3
DA:94,3
DA:98,467
BRDA:98,3,0,-
BRDA:98,3,1,-
DA:100,0
DA:101,462
DA:103,462
DA:104,464
DA:107,464
DA:109,0
DA:111,464
BRDA:111,4,0,439
DA:113,25
DA:115,25
BRDA:115,5,0,25
DA:118,20
BRDA:118,6,0,20
DA:119,20
DA:120,20
DA:122,5
BRDA:122,5,1,5
DA:123,5
DA:127,23
BRDA:127,7,0,23
DA:128,23
BRDA:128,8,0,-
BRDA:128,8,1,-
DA:132,459
DA:139,20
DA:149,459
DA:150,459
BRDA:150,9,0,-
BRDA:150,9,1,-
DA:152,20
DA:155,452
DA:156,452
DA:158,452
DA:168,51
FN:168,LevrFactory_v1.updateConfig
FNDA:51,LevrFactory_v1.updateConfig
DA:169,51
DA:170,44
DA:174,25
FN:174,LevrFactory_v1.verifyProject
FNDA:25,LevrFactory_v1.verifyProject
DA:175,25
DA:176,25
BRDA:176,10,0,1
DA:177,24
BRDA:177,11,0,-
BRDA:177,11,1,-
DA:180,24
DA:183,23
DA:185,24
DA:189,3
FN:189,LevrFactory_v1.unverifyProject
FNDA:3,LevrFactory_v1.unverifyProject
DA:190,3
DA:191,3
BRDA:191,12,0,1
DA:192,2
BRDA:192,13,0,-
DA:195,2
DA:200,2
DA:204,20
FN:204,LevrFactory_v1.updateProjectConfig
FNDA:20,LevrFactory_v1.updateProjectConfig
DA:208,20
DA:209,20
BRDA:209,14,0,-
DA:210,20
BRDA:210,15,0,1
DA:213,19
DA:214,19
BRDA:214,16,0,2
DA:215,2
DA:221,17
DA:236,17
DA:238,15
DA:242,438
FN:242,LevrFactory_v1.addTrustedClankerFactory
FNDA:438,LevrFactory_v1.addTrustedClankerFactory
DA:243,438
BRDA:243,17,0,-
BRDA:243,17,1,-
DA:244,437
BRDA:244,18,0,-
BRDA:244,18,1,-
DA:246,436
DA:247,436
DA:249,438
DA:253,15
FN:253,LevrFactory_v1.removeTrustedClankerFactory
FNDA:15,LevrFactory_v1.removeTrustedClankerFactory
DA:254,15
BRDA:254,19,0,-
BRDA:254,19,1,-
DA:256,14
DA:259,14
DA:260,14
DA:261,14
BRDA:261,20,0,14
DA:262,14
DA:263,14
DA:264,0
DA:268,14
DA:272,9
FN:272,LevrFactory_v1.getTrustedClankerFactories
FNDA:9,LevrFactory_v1.getTrustedClankerFactories
DA:273,9
DA:277,13
FN:277,LevrFactory_v1.isTrustedClankerFactory
FNDA:13,LevrFactory_v1.isTrustedClankerFactory
DA:278,13
DA:282,4
FN:282,LevrFactory_v1.updateInitialWhitelist
FNDA:4,LevrFactory_v1.updateInitialWhitelist
DA:287,4
DA:288,7
BRDA:288,21,0,-
BRDA:288,21,1,-
DA:289,6
DA:292,3
DA:296,17
FN:296,LevrFactory_v1.getInitialWhitelist
FNDA:17,LevrFactory_v1.getInitialWhitelist
DA:297,17
DA:301,87
FN:301,LevrFactory_v1.getProject
FNDA:87,LevrFactory_v1.getProject
DA:304,87
DA:308,2
FN:308,LevrFactory_v1.getClankerMetadata
FNDA:2,LevrFactory_v1.getClankerMetadata
DA:312,2
DA:313,1
DA:316,1
DA:318,0
DA:320,1
BRDA:320,22,0,-
DA:322,1
BRDA:322,23,0,1
DA:325,1
BRDA:325,24,0,1
DA:326,1
DA:329,1
BRDA:329,25,0,-
DA:330,0
BRDA:330,26,0,-
DA:333,0
DA:339,1
DA:340,1
DA:347,0
BRDA:347,23,1,-
DA:349,0
DA:354,1
DA:355,1
DA:364,17
FN:364,LevrFactory_v1.getProjects
FNDA:17,LevrFactory_v1.getProjects
DA:373,17
DA:376,17
BRDA:376,27,0,3
DA:377,3
DA:381,14
DA:382,14
BRDA:382,28,0,7
DA:383,7
DA:385,14
DA:388,14
DA:389,14
DA:390,34
DA:391,34
DA:397,14
DA:402,17
FN:402,LevrFactory_v1.protocolFeeBps
FNDA:17,LevrFactory_v1.protocolFeeBps
DA:403,17
DA:407,6
FN:407,LevrFactory_v1.protocolTreasury
FNDA:6,LevrFactory_v1.protocolTreasury
DA:408,6
DA:412,219
FN:412,LevrFactory_v1.streamWindowSeconds
FNDA:219,LevrFactory_v1.streamWindowSeconds
DA:413,219
BRDA:413,29,0,-
DA:414,0
DA:416,219
DA:420,265
FN:420,LevrFactory_v1.proposalWindowSeconds
FNDA:265,LevrFactory_v1.proposalWindowSeconds
DA:421,265
BRDA:421,30,0,-
DA:422,0
DA:424,265
DA:428,265
FN:428,LevrFactory_v1.votingWindowSeconds
FNDA:265,LevrFactory_v1.votingWindowSeconds
DA:429,265
BRDA:429,31,0,-
DA:430,0
DA:432,265
DA:436,257
FN:436,LevrFactory_v1.maxActiveProposals
FNDA:257,LevrFactory_v1.maxActiveProposals
DA:437,257
BRDA:437,32,0,-
DA:438,0
DA:440,257
DA:444,270
FN:444,LevrFactory_v1.quorumBps
FNDA:270,LevrFactory_v1.quorumBps
DA:445,270
BRDA:445,33,0,10
DA:446,10
DA:448,260
DA:452,260
FN:452,LevrFactory_v1.approvalBps
FNDA:260,LevrFactory_v1.approvalBps
DA:453,260
BRDA:453,34,0,2
DA:454,2
DA:456,258
DA:460,262
FN:460,LevrFactory_v1.minSTokenBpsToSubmit
FNDA:262,LevrFactory_v1.minSTokenBpsToSubmit
DA:461,262
BRDA:461,35,0,-
DA:462,0
DA:464,262
DA:468,258
FN:468,LevrFactory_v1.maxProposalAmountBps
FNDA:258,LevrFactory_v1.maxProposalAmountBps
DA:469,258
BRDA:469,36,0,-
DA:470,0
DA:472,258
DA:476,500
FN:476,LevrFactory_v1.minimumQuorumBps
FNDA:500,LevrFactory_v1.minimumQuorumBps
DA:477,500
BRDA:477,37,0,-
DA:478,0
DA:480,500
DA:484,23
FN:484,LevrFactory_v1._getCurrentFactoryConfig
FNDA:23,LevrFactory_v1._getCurrentFactoryConfig
DA:485,23
DA:505,623
FN:505,LevrFactory_v1._updateConfig
FNDA:623,LevrFactory_v1._updateConfig
DA:511,623
DA:514,614
BRDA:514,38,0,576
BRDA:514,38,1,38
DA:516,576
DA:517,576
DA:518,576
DA:519,576
DA:520,576
DA:521,576
DA:522,576
DA:523,576
DA:524,576
DA:525,576
DA:526,576
DA:529,38
DA:530,38
DA:531,38
DA:532,38
DA:533,38
DA:534,38
DA:535,38
DA:536,38
DA:537,38
DA:538,38
DA:539,38
DA:540,38
DA:545,623
FN:545,LevrFactory_v1._validateConfig
FNDA:623,LevrFactory_v1._validateConfig
DA:547,623
BRDA:547,39,0,-
BRDA:547,39,1,-
DA:548,617
BRDA:548,40,0,-
BRDA:548,40,1,-
DA:549,617
BRDA:549,41,0,-
BRDA:549,41,1,-
DA:550,617
BRDA:550,42,0,-
BRDA:550,42,1,-
DA:551,617
BRDA:551,43,0,-
BRDA:551,43,1,-
DA:553,578
BRDA:553,44,0,578
DA:554,578
BRDA:554,45,0,-
BRDA:554,45,1,-
DA:558,617
BRDA:558,46,0,-
BRDA:558,46,1,-
DA:559,616
BRDA:559,47,0,-
BRDA:559,47,1,-
DA:560,614
BRDA:560,48,0,-
BRDA:560,48,1,-
DA:561,623
BRDA:561,49,0,-
BRDA:561,49,1,-
DA:565,1961
FN:565,LevrFactory_v1.trustedForwarder
FNDA:1961,LevrFactory_v1.trustedForwarder
DA:571,1961
DA:575,1502
FN:575,LevrFactory_v1._msgSender
FNDA:1502,LevrFactory_v1._msgSender
DA:576,1502
DA:580,0
FN:580,LevrFactory_v1._msgData
FNDA:0,LevrFactory_v1._msgData
DA:581,0
DA:585,1502
FN:585,LevrFactory_v1._contextSuffixLength
FNDA:1502,LevrFactory_v1._contextSuffixLength
DA:591,1502
FNF:34
FNH:33
LF:218
LH:201
BRF:73
BRH:20
end_of_record
TN:
SF:src/LevrFeeSplitterFactory_v1.sol
DA:32,60
FN:32,LevrFeeSplitterFactory_v1.constructor
FNDA:60,LevrFeeSplitterFactory_v1.constructor
DA:33,60
BRDA:33,0,0,-
DA:34,60
DA:40,63
FN:40,LevrFeeSplitterFactory_v1.deploy
FNDA:63,LevrFeeSplitterFactory_v1.deploy
DA:41,63
BRDA:41,1,0,1
DA:42,62
BRDA:42,2,0,1
DA:45,61
DA:48,61
DA:50,61
DA:54,6
FN:54,LevrFeeSplitterFactory_v1.deployDeterministic
FNDA:6,LevrFeeSplitterFactory_v1.deployDeterministic
DA:58,6
BRDA:58,3,0,-
DA:59,6
BRDA:59,4,0,1
DA:62,5
DA:67,5
DA:69,5
DA:73,0
FN:73,LevrFeeSplitterFactory_v1.getSplitter
FNDA:0,LevrFeeSplitterFactory_v1.getSplitter
DA:74,0
DA:79,67
FN:79,LevrFeeSplitterFactory_v1.trustedForwarder
FNDA:67,LevrFeeSplitterFactory_v1.trustedForwarder
DA:80,67
DA:84,1
FN:84,LevrFeeSplitterFactory_v1.computeDeterministicAddress
FNDA:1,LevrFeeSplitterFactory_v1.computeDeterministicAddress
DA:88,1
DA:95,1
FNF:6
FNH:5
LF:22
LH:20
BRF:5
BRH:3
end_of_record
TN:
SF:src/LevrFeeSplitter_v1.sol
DA:52,94
FN:52,LevrFeeSplitter_v1.constructor
FNDA:94,LevrFeeSplitter_v1.constructor
DA:57,94
BRDA:57,0,0,-
DA:58,94
BRDA:58,1,0,-
DA:59,94
DA:60,94
DA:66,79
FN:66,LevrFeeSplitter_v1.configureSplits
FNDA:79,LevrFeeSplitter_v1.configureSplits
DA:68,0
DA:71,77
DA:77,65
DA:78,111
DA:81,65
DA:85,14
FN:85,LevrFeeSplitter_v1.recoverDust
FNDA:14,LevrFeeSplitter_v1.recoverDust
DA:86,0
DA:87,12
BRDA:87,2,0,1
DA:90,11
DA:92,11
BRDA:92,3,0,8
DA:93,8
DA:94,8
DA:101,39
FN:101,LevrFeeSplitter_v1.distribute
FNDA:39,LevrFeeSplitter_v1.distribute
DA:103,39
DA:104,39
BRDA:104,4,0,1
DA:106,38
BRDA:106,5,0,1
DA:109,37
DA:110,37
BRDA:110,6,0,37
BRDA:110,6,1,-
DA:112,0
DA:114,35
DA:115,70
DA:116,70
DA:118,70
BRDA:118,7,0,65
DA:119,65
DA:121,64
BRDA:121,8,0,9
DA:122,9
DA:123,9
DA:126,64
DA:130,34
DA:131,34
DA:133,34
DA:136,9
BRDA:136,9,0,9
DA:137,9
BRDA:137,10,0,9
DA:138,8
DA:139,1
BRDA:139,10,1,1
DA:140,1
DA:146,9
FN:146,LevrFeeSplitter_v1.distributeBatch
FNDA:9,LevrFeeSplitter_v1.distributeBatch
DA:147,9
DA:149,211
DA:156,8
FN:156,LevrFeeSplitter_v1.getSplits
FNDA:8,LevrFeeSplitter_v1.getSplits
DA:157,8
DA:161,2
FN:161,LevrFeeSplitter_v1.getTotalBps
FNDA:2,LevrFeeSplitter_v1.getTotalBps
DA:162,2
DA:163,22
DA:168,5
FN:168,LevrFeeSplitter_v1.getDistributionState
FNDA:5,LevrFeeSplitter_v1.getDistributionState
DA:171,5
DA:175,5
FN:175,LevrFeeSplitter_v1.isSplitsConfigured
FNDA:5,LevrFeeSplitter_v1.isSplitsConfigured
DA:176,5
DA:180,234
FN:180,LevrFeeSplitter_v1.getStakingAddress
FNDA:234,LevrFeeSplitter_v1.getStakingAddress
DA:181,234
DA:184,234
DA:193,163
FN:193,LevrFeeSplitter_v1._isSplitsConfigured
FNDA:163,LevrFeeSplitter_v1._isSplitsConfigured
DA:194,163
BRDA:194,11,0,3
DA:196,160
DA:197,160
DA:198,200
DA:201,160
DA:207,77
FN:207,LevrFeeSplitter_v1._validateSplits
FNDA:77,LevrFeeSplitter_v1._validateSplits
DA:208,77
BRDA:208,12,0,1
DA:209,76
BRDA:209,13,0,1
DA:211,75
DA:212,75
BRDA:212,14,0,-
DA:214,75
DA:215,75
DA:217,75
DA:218,126
BRDA:218,15,0,2
DA:219,124
BRDA:219,16,0,1
DA:221,123
DA:224,123
DA:225,230
BRDA:225,17,0,2
DA:226,2
DA:230,121
BRDA:230,18,0,20
DA:231,0
BRDA:231,19,0,-
DA:232,20
DA:236,70
BRDA:236,20,0,5
DA:242,93
FN:242,LevrFeeSplitter_v1._onlyTokenAdmin
FNDA:93,LevrFeeSplitter_v1._onlyTokenAdmin
DA:243,93
DA:244,93
BRDA:244,21,0,4
DA:250,211
FN:250,LevrFeeSplitter_v1._distributeSingle
FNDA:211,LevrFeeSplitter_v1._distributeSingle
DA:251,211
DA:252,211
BRDA:252,22,0,91
DA:254,120
BRDA:254,23,0,-
DA:257,120
DA:258,120
BRDA:258,24,0,120
BRDA:258,24,1,-
DA:260,0
DA:262,119
DA:263,123
DA:264,123
DA:266,123
BRDA:266,25,0,123
DA:267,123
DA:269,123
BRDA:269,26,0,5
DA:270,5
DA:271,5
DA:274,123
DA:278,119
DA:279,119
DA:281,119
DA:284,5
BRDA:284,27,0,5
DA:285,5
BRDA:285,28,0,5
DA:286,5
DA:287,0
BRDA:287,28,1,-
DA:288,0
FNF:14
FNH:14
LF:108
LH:101
BRF:33
BRH:25
end_of_record
TN:
SF:src/LevrForwarder_v1.sol
DA:20,555
FN:20,LevrForwarder_v1.constructor
FNDA:555,LevrForwarder_v1.constructor
DA:21,555
DA:25,29
FN:25,LevrForwarder_v1.executeMulticall
FNDA:29,LevrForwarder_v1.executeMulticall
DA:28,29
DA:29,29
DA:32,29
DA:33,29
DA:34,542
DA:36,29
BRDA:36,0,0,6
DA:38,23
DA:39,23
DA:40,23
DA:41,23
DA:44,23
DA:45,33
DA:48,33
BRDA:48,1,0,12
BRDA:48,1,1,3
DA:49,12
DA:50,12
BRDA:50,2,0,2
DA:51,2
DA:53,10
DA:56,21
BRDA:56,3,0,3
DA:57,3
DA:60,18
DA:61,18
DA:64,28
BRDA:64,4,0,-
DA:65,0
DA:69,28
DA:74,14
FN:74,LevrForwarder_v1.executeTransaction
FNDA:14,LevrForwarder_v1.executeTransaction
DA:79,14
BRDA:79,5,0,4
DA:81,10
DA:85,0
FN:85,LevrForwarder_v1.createDigest
FNDA:0,LevrForwarder_v1.createDigest
DA:88,0
DA:92,5
FN:92,LevrForwarder_v1.withdrawTrappedETH
FNDA:5,LevrForwarder_v1.withdrawTrappedETH
DA:94,5
BRDA:94,6,0,2
DA:96,3
DA:97,3
BRDA:97,7,0,2
DA:100,1
DA:101,1
BRDA:101,8,0,-
DA:110,21
FN:110,LevrForwarder_v1._isTrustedByTarget
FNDA:21,LevrForwarder_v1._isTrustedByTarget
DA:111,21
DA:117,0
FN:117,LevrForwarder_v1._getStructHash
FNDA:0,LevrForwarder_v1._getStructHash
DA:120,0
DA:121,0
FNF:7
FNH:5
LF:43
LH:37
BRF:10
BRH:8
end_of_record
TN:
SF:src/LevrGovernor_v1.sol
DA:54,493
FN:54,LevrGovernor_v1.constructor
FNDA:493,LevrGovernor_v1.constructor
DA:62,493
BRDA:62,0,0,-
DA:63,493
BRDA:63,1,0,-
DA:64,493
BRDA:64,2,0,-
DA:65,493
BRDA:65,3,0,-
DA:66,493
BRDA:66,4,0,-
DA:68,493
DA:69,493
DA:70,493
DA:71,493
DA:72,493
DA:78,224
FN:78,LevrGovernor_v1.proposeBoost
FNDA:224,LevrGovernor_v1.proposeBoost
DA:79,224
BRDA:79,5,0,3
DA:80,221
DA:84,45
FN:84,LevrGovernor_v1.proposeTransfer
FNDA:45,LevrGovernor_v1.proposeTransfer
DA:90,45
BRDA:90,6,0,1
DA:91,44
BRDA:91,7,0,2
DA:92,42
DA:96,270
FN:96,LevrGovernor_v1.vote
FNDA:270,LevrGovernor_v1.vote
DA:97,270
DA:98,270
DA:101,270
BRDA:101,8,0,9
DA:102,9
DA:106,5
BRDA:106,9,0,5
DA:107,5
DA:111,256
DA:112,256
BRDA:112,10,0,6
DA:114,250
DA:117,217
BRDA:117,11,0,217
BRDA:117,11,1,33
DA:118,217
DA:120,33
DA:122,250
DA:124,250
DA:130,250
DA:134,26
FN:134,LevrGovernor_v1.startNewCycle
FNDA:26,LevrGovernor_v1.startNewCycle
DA:136,26
BRDA:136,12,0,-
BRDA:136,12,1,1
DA:137,0
DA:138,22
BRDA:138,13,0,-
BRDA:138,13,1,1
DA:139,0
DA:140,0
DA:142,1
DA:147,116
FN:147,LevrGovernor_v1.execute
FNDA:116,LevrGovernor_v1.execute
DA:148,116
DA:151,116
BRDA:151,14,0,2
DA:152,2
DA:156,0
BRDA:156,15,0,-
DA:157,0
DA:161,110
BRDA:161,16,0,37
DA:162,37
DA:163,37
DA:164,37
DA:168,73
BRDA:168,17,0,5
DA:169,5
DA:170,5
DA:171,5
DA:175,68
DA:176,68
BRDA:176,18,0,7
DA:177,7
DA:178,7
DA:179,7
DA:183,61
DA:184,61
BRDA:184,19,0,7
DA:185,7
DA:189,54
DA:190,0
BRDA:190,20,0,-
DA:191,0
DA:193,54
DA:196,54
DA:199,54
BRDA:199,21,0,54
DA:200,54
DA:208,48
DA:209,1
BRDA:209,21,1,1
DA:210,1
DA:211,5
BRDA:211,21,2,5
DA:212,5
DA:216,0
DA:221,54
FN:221,LevrGovernor_v1._executeProposal
FNDA:54,LevrGovernor_v1._executeProposal
DA:229,54
BRDA:229,22,0,-
BRDA:229,22,1,-
DA:231,54
BRDA:231,23,0,42
BRDA:231,23,1,-
DA:232,42
DA:233,12
BRDA:233,24,0,12
DA:234,12
DA:241,3
FN:241,LevrGovernor_v1.state
FNDA:3,LevrGovernor_v1.state
DA:242,3
DA:246,179
FN:246,LevrGovernor_v1.getProposal
FNDA:179,LevrGovernor_v1.getProposal
DA:247,179
DA:248,179
DA:249,176
DA:250,179
DA:251,0
DA:255,4
FN:255,LevrGovernor_v1.getVoteReceipt
FNDA:4,LevrGovernor_v1.getVoteReceipt
DA:259,4
DA:263,0
FN:263,LevrGovernor_v1.getProposalsForCycle
FNDA:0,LevrGovernor_v1.getProposalsForCycle
DA:264,0
DA:268,26
FN:268,LevrGovernor_v1.currentCycleId
FNDA:26,LevrGovernor_v1.currentCycleId
DA:269,26
DA:273,14
FN:273,LevrGovernor_v1.getWinner
FNDA:14,LevrGovernor_v1.getWinner
DA:274,14
DA:278,20
FN:278,LevrGovernor_v1.meetsQuorum
FNDA:20,LevrGovernor_v1.meetsQuorum
DA:279,20
DA:283,15
FN:283,LevrGovernor_v1.meetsApproval
FNDA:15,LevrGovernor_v1.meetsApproval
DA:284,15
DA:288,36
FN:288,LevrGovernor_v1.activeProposalCount
FNDA:36,LevrGovernor_v1.activeProposalCount
DA:289,36
DA:294,263
FN:294,LevrGovernor_v1._propose
FNDA:263,LevrGovernor_v1._propose
DA:301,263
BRDA:301,25,0,1
DA:302,262
BRDA:302,26,0,-
DA:304,262
DA:307,262
BRDA:307,27,0,-
DA:308,0
DA:309,0
DA:312,262
DA:316,262
DA:318,262
DA:319,262
DA:320,0
BRDA:320,28,0,-
DA:321,0
DA:327,262
DA:328,262
BRDA:328,29,0,234
DA:329,234
DA:331,234
DA:332,3
BRDA:332,30,0,3
DA:333,3
DA:339,259
DA:341,259
DA:342,259
BRDA:342,31,0,1
DA:344,258
DA:345,258
BRDA:345,32,0,3
DA:346,3
DA:352,255
DA:353,255
DA:354,2
BRDA:354,33,0,2
DA:355,2
DA:357,4
BRDA:357,34,0,4
DA:358,4
DA:362,249
DA:365,249
DA:366,249
DA:391,249
DA:392,249
DA:393,249
DA:395,249
DA:406,202
FN:406,LevrGovernor_v1._state
FNDA:202,LevrGovernor_v1._state
DA:407,202
DA:409,202
BRDA:409,35,0,3
DA:410,47
BRDA:410,36,0,47
DA:411,152
BRDA:411,37,0,59
DA:412,93
BRDA:412,38,0,24
DA:415,69
BRDA:415,39,0,33
DA:416,33
DA:419,36
DA:422,501
FN:422,LevrGovernor_v1._meetsQuorum
FNDA:501,LevrGovernor_v1._meetsQuorum
DA:423,501
DA:426,501
DA:427,501
BRDA:427,40,0,5
DA:429,496
DA:430,496
BRDA:430,41,0,1
DA:433,495
DA:434,495
DA:436,495
DA:439,495
DA:440,495
DA:442,495
DA:446,495
DA:449,407
FN:449,LevrGovernor_v1._meetsApproval
FNDA:407,LevrGovernor_v1._meetsApproval
DA:450,407
DA:453,407
DA:454,407
BRDA:454,42,0,5
DA:456,402
DA:457,402
BRDA:457,43,0,71
DA:459,331
DA:460,331
DA:463,75
FN:463,LevrGovernor_v1._getWinner
FNDA:75,LevrGovernor_v1._getWinner
DA:464,75
DA:465,75
DA:467,75
DA:468,126
DA:469,126
DA:471,126
BRDA:471,44,0,104
DA:472,104
DA:473,104
BRDA:473,45,0,-
DA:476,104
DA:478,104
BRDA:478,46,0,75
DA:479,75
DA:480,75
DA:485,0
DA:489,100
FN:489,LevrGovernor_v1._needsNewCycle
FNDA:100,LevrGovernor_v1._needsNewCycle
DA:490,100
BRDA:490,47,0,-
DA:492,100
DA:495,100
DA:499,264
FN:499,LevrGovernor_v1._startNewCycle
FNDA:264,LevrGovernor_v1._startNewCycle
DA:500,264
DA:501,264
DA:503,264
DA:504,264
DA:505,264
DA:506,264
DA:509,264
DA:510,264
DA:512,264
DA:519,264
DA:523,208
FN:523,LevrGovernor_v1._checkNoExecutableProposals
FNDA:208,LevrGovernor_v1._checkNoExecutableProposals
DA:524,208
DA:525,208
DA:526,35
DA:527,35
DA:529,15
BRDA:529,48,0,15
DA:531,20
BRDA:531,49,0,2
DA:532,2
FNF:24
FNH:23
LF:209
LH:193
BRF:57
BRH:40
end_of_record
TN:
SF:src/LevrStakedToken_v1.sol
DA:12,688
FN:12,LevrStakedToken_v1.constructor
FNDA:688,LevrStakedToken_v1.constructor
DA:19,688
BRDA:19,0,0,688
BRDA:19,0,1,688
DA:20,681
DA:21,681
DA:22,681
DA:26,894
FN:26,LevrStakedToken_v1.mint
FNDA:894,LevrStakedToken_v1.mint
DA:27,894
BRDA:27,1,0,-
BRDA:27,1,1,-
DA:28,892
DA:29,894
DA:33,153
FN:33,LevrStakedToken_v1.burn
FNDA:153,LevrStakedToken_v1.burn
DA:34,153
BRDA:34,2,0,-
BRDA:34,2,1,-
DA:35,151
DA:36,153
DA:40,2
FN:40,LevrStakedToken_v1.decimals
FNDA:2,LevrStakedToken_v1.decimals
DA:41,2
DA:46,1057
FN:46,LevrStakedToken_v1._update
FNDA:1057,LevrStakedToken_v1._update
DA:47,1057
BRDA:47,3,0,1057
BRDA:47,3,1,165
DA:48,1057
FNF:5
FNH:5
LF:18
LH:18
BRF:8
BRH:4
end_of_record
TN:
SF:src/LevrStaking_v1.sol
DA:50,680
FN:50,LevrStaking_v1.initialize
FNDA:680,LevrStaking_v1.initialize
DA:58,680
BRDA:58,0,0,1
DA:60,679
DA:61,679
DA:62,679
DA:63,679
DA:64,0
BRDA:64,1,0,-
DA:67,679
BRDA:67,2,0,-
DA:69,679
DA:70,679
DA:71,679
DA:72,679
DA:75,679
DA:84,679
DA:87,679
DA:88,489
DA:91,489
BRDA:91,3,0,-
DA:94,489
BRDA:94,4,0,-
DA:97,489
DA:106,489
DA:111,895
FN:111,LevrStaking_v1.stake
FNDA:895,LevrStaking_v1.stake
DA:112,895
BRDA:112,5,0,2
DA:113,893
DA:115,893
DA:117,0
DA:120,496
BRDA:120,6,0,496
DA:121,496
DA:122,496
DA:123,835
DA:124,835
DA:126,835
BRDA:126,7,0,26
DA:127,26
DA:130,835
DA:131,835
BRDA:131,8,0,2
DA:132,2
DA:138,893
DA:139,893
DA:140,893
DA:143,891
DA:146,891
DA:147,891
DA:148,891
DA:150,891
DA:154,160
FN:154,LevrStaking_v1.unstake
FNDA:160,LevrStaking_v1.unstake
DA:158,160
BRDA:158,9,0,3
DA:159,157
BRDA:159,10,0,2
DA:160,155
DA:161,155
DA:162,155
BRDA:162,11,0,5
DA:165,150
DA:168,150
DA:169,150
DA:170,150
DA:171,150
BRDA:171,12,0,-
DA:172,150
DA:173,150
DA:176,150
DA:179,150
DA:180,150
DA:181,150
BRDA:181,13,0,92
DA:182,92
DA:183,92
DA:186,150
DA:190,176
FN:190,LevrStaking_v1.claimRewards
FNDA:176,LevrStaking_v1.claimRewards
DA:191,176
BRDA:191,14,0,1
DA:192,175
DA:193,175
DA:194,175
BRDA:194,15,0,14
DA:196,161
DA:197,161
BRDA:197,16,0,-
DA:199,161
DA:200,174
DA:201,174
DA:202,174
BRDA:202,17,0,3
DA:204,171
DA:207,171
DA:213,171
BRDA:213,18,0,160
DA:214,160
DA:215,160
DA:216,160
DA:222,311
FN:222,LevrStaking_v1.accrueRewards
FNDA:311,LevrStaking_v1.accrueRewards
DA:224,311
DA:225,311
BRDA:225,19,0,307
DA:226,307
DA:231,200
FN:231,LevrStaking_v1.whitelistToken
FNDA:200,LevrStaking_v1.whitelistToken
DA:232,200
BRDA:232,20,0,2
DA:235,198
BRDA:235,21,0,-
BRDA:235,21,1,-
DA:238,196
DA:239,196
BRDA:239,22,0,-
BRDA:239,22,1,-
DA:242,193
DA:243,193
BRDA:243,23,0,-
BRDA:243,23,1,-
DA:246,0
BRDA:246,24,0,-
DA:247,0
BRDA:247,25,0,-
BRDA:247,25,1,-
DA:253,188
DA:256,188
BRDA:256,26,0,188
DA:257,188
DA:258,188
DA:259,188
DA:260,188
DA:261,188
DA:262,188
DA:263,188
DA:266,196
DA:270,19
FN:270,LevrStaking_v1.unwhitelistToken
FNDA:19,LevrStaking_v1.unwhitelistToken
DA:271,19
BRDA:271,27,0,1
DA:274,18
BRDA:274,28,0,-
BRDA:274,28,1,-
DA:277,16
DA:278,16
BRDA:278,29,0,-
BRDA:278,29,1,-
DA:281,14
DA:282,14
BRDA:282,30,0,-
BRDA:282,30,1,-
DA:283,10
BRDA:283,31,0,-
BRDA:283,31,1,-
DA:286,10
BRDA:286,32,0,10
BRDA:286,32,1,10
DA:292,7
DA:295,14
BRDA:295,33,0,7
BRDA:295,33,1,7
DA:301,14
DA:303,16
DA:307,9
FN:307,LevrStaking_v1.cleanupFinishedRewardToken
FNDA:9,LevrStaking_v1.cleanupFinishedRewardToken
DA:308,9
BRDA:308,34,0,-
BRDA:308,34,1,-
DA:310,8
DA:311,8
BRDA:311,35,0,-
BRDA:311,35,1,-
DA:312,8
BRDA:312,36,0,-
BRDA:312,36,1,-
DA:313,8
BRDA:313,37,0,6
BRDA:313,37,1,6
DA:318,6
DA:321,9
DA:325,11
FN:325,LevrStaking_v1.outstandingRewards
FNDA:11,LevrStaking_v1.outstandingRewards
DA:326,11
DA:330,253
FN:330,LevrStaking_v1.claimableRewards
FNDA:253,LevrStaking_v1.claimableRewards
DA:334,253
DA:335,253
BRDA:335,38,0,51
DA:337,202
DA:338,202
BRDA:338,39,0,-
DA:340,202
DA:341,202
BRDA:341,40,0,-
DA:344,202
DA:354,202
DA:362,94
FN:362,LevrStaking_v1.accrueFromTreasury
FNDA:94,LevrStaking_v1.accrueFromTreasury
DA:367,94
BRDA:367,41,0,-
DA:368,83
BRDA:368,42,0,83
BRDA:368,42,1,82
DA:370,83
BRDA:370,43,0,-
BRDA:370,43,1,-
DA:371,83
DA:372,83
DA:373,82
DA:374,82
DA:375,82
BRDA:375,44,0,82
DA:376,82
DA:379,11
DA:380,11
BRDA:380,45,0,-
BRDA:380,45,1,-
DA:381,11
DA:386,6
FN:386,LevrStaking_v1.stakedBalanceOf
FNDA:6,LevrStaking_v1.stakedBalanceOf
DA:387,6
DA:391,37
FN:391,LevrStaking_v1.totalStaked
FNDA:37,LevrStaking_v1.totalStaked
DA:392,37
DA:396,14
FN:396,LevrStaking_v1.escrowBalance
FNDA:14,LevrStaking_v1.escrowBalance
DA:397,14
DA:401,0
FN:401,LevrStaking_v1.streamWindowSeconds
FNDA:0,LevrStaking_v1.streamWindowSeconds
DA:402,0
DA:406,34
FN:406,LevrStaking_v1.getTokenStreamInfo
FNDA:34,LevrStaking_v1.getTokenStreamInfo
DA:409,34
DA:410,34
DA:414,0
FN:414,LevrStaking_v1.getWhitelistedTokens
FNDA:0,LevrStaking_v1.getWhitelistedTokens
DA:415,0
DA:416,0
DA:419,0
DA:420,0
BRDA:420,46,0,-
DA:421,0
DA:426,0
DA:427,0
DA:428,0
DA:429,0
BRDA:429,47,0,-
DA:430,0
DA:431,0
DA:435,0
DA:439,62
FN:439,LevrStaking_v1.isTokenWhitelisted
FNDA:62,LevrStaking_v1.isTokenWhitelisted
DA:440,62
DA:444,5
FN:444,LevrStaking_v1.rewardRatePerSecond
FNDA:5,LevrStaking_v1.rewardRatePerSecond
DA:445,5
DA:448,5
DA:449,5
DA:450,5
BRDA:450,48,0,-
DA:451,5
BRDA:451,49,0,-
DA:452,5
DA:453,5
DA:457,7
FN:457,LevrStaking_v1.aprBps
FNDA:7,LevrStaking_v1.aprBps
DA:458,7
BRDA:458,50,0,-
DA:460,7
DA:461,7
BRDA:461,51,0,-
DA:464,7
DA:466,7
DA:467,12
DA:468,12
DA:472,12
DA:473,8
DA:474,8
DA:475,8
BRDA:475,52,0,8
DA:476,8
DA:477,8
DA:478,8
DA:482,7
BRDA:482,53,0,-
DA:483,7
DA:486,409
FN:486,LevrStaking_v1._resetStreamForToken
FNDA:409,LevrStaking_v1._resetStreamForToken
DA:488,409
DA:491,409
DA:492,409
DA:493,409
DA:494,409
DA:495,409
DA:497,409
DA:500,402
FN:500,LevrStaking_v1._creditRewards
FNDA:402,LevrStaking_v1._creditRewards
DA:501,402
BRDA:501,54,0,-
BRDA:501,54,1,-
DA:503,392
DA:505,383
DA:508,383
DA:510,402
DA:513,392
FN:513,LevrStaking_v1._ensureRewardToken
FNDA:392,LevrStaking_v1._ensureRewardToken
DA:516,392
DA:519,392
BRDA:519,55,0,-
BRDA:519,55,1,-
DA:522,392
BRDA:522,56,0,-
BRDA:522,56,1,-
DA:527,6
FN:527,LevrStaking_v1._removeTokenFromArray
FNDA:6,LevrStaking_v1._removeTokenFromArray
DA:528,6
DA:529,21
BRDA:529,57,0,6
DA:531,6
DA:532,6
DA:533,0
DA:538,1333
FN:538,LevrStaking_v1._availableUnaccountedRewards
FNDA:1333,LevrStaking_v1._availableUnaccountedRewards
DA:539,1333
DA:542,1333
BRDA:542,58,0,695
DA:543,695
BRDA:543,59,0,151
BRDA:543,59,1,544
DA:544,151
DA:546,544
DA:551,1333
DA:552,1333
DA:553,1333
DA:559,150
FN:559,LevrStaking_v1._claimAllRewards
FNDA:150,LevrStaking_v1._claimAllRewards
DA:560,150
DA:561,150
BRDA:561,60,0,-
DA:563,150
DA:564,150
BRDA:564,61,0,-
DA:566,150
DA:567,150
DA:568,258
DA:569,258
DA:570,258
BRDA:570,62,0,-
DA:573,258
DA:576,258
DA:582,258
BRDA:582,63,0,54
DA:584,54
DA:587,54
DA:588,54
DA:594,893
FN:594,LevrStaking_v1._settleAllPools
FNDA:893,LevrStaking_v1._settleAllPools
DA:595,893
DA:596,893
DA:597,1612
DA:602,2431
FN:602,LevrStaking_v1._settlePoolForToken
FNDA:2431,LevrStaking_v1._settlePoolForToken
DA:603,2431
DA:606,2431
DA:607,2431
DA:608,2431
BRDA:608,64,0,1971
DA:611,460
BRDA:611,65,0,56
DA:612,56
DA:613,56
DA:616,404
DA:617,404
DA:619,404
DA:620,404
BRDA:620,66,0,69
BRDA:620,66,1,22
DA:621,69
BRDA:621,67,0,22
DA:622,47
DA:624,335
DA:627,47
DA:635,382
BRDA:635,68,0,245
DA:636,245
DA:637,245
DA:640,47
DA:646,371
FN:646,LevrStaking_v1.getVotingPower
FNDA:371,LevrStaking_v1.getVotingPower
DA:647,371
DA:648,371
BRDA:648,69,0,11
DA:650,360
DA:651,360
BRDA:651,70,0,-
DA:653,360
DA:656,360
DA:665,891
FN:665,LevrStaking_v1._onStakeNewTimestamp
FNDA:891,LevrStaking_v1._onStakeNewTimestamp
DA:668,891
DA:669,891
DA:670,891
DA:673,891
BRDA:673,71,0,735
DA:674,735
DA:678,156
DA:681,156
DA:686,156
DA:689,156
DA:696,150
FN:696,LevrStaking_v1._onUnstakeNewTimestamp
FNDA:150,LevrStaking_v1._onUnstakeNewTimestamp
DA:699,150
DA:700,150
DA:703,150
BRDA:703,72,0,-
DA:705,150
DA:708,150
BRDA:708,73,0,58
DA:711,92
DA:714,92
DA:717,92
DA:720,92
FNF:31
FNH:29
LF:299
LH:279
BRF:96
BRH:42
end_of_record
TN:
SF:src/LevrTreasury_v1.sol
DA:20,542
FN:20,LevrTreasury_v1.constructor
FNDA:542,LevrTreasury_v1.constructor
DA:21,542
BRDA:21,0,0,-
DA:22,542
DA:25,527
FN:25,LevrTreasury_v1.initialize
FNDA:527,LevrTreasury_v1.initialize
DA:27,527
BRDA:27,1,0,2
DA:28,525
BRDA:28,2,0,1
DA:29,524
BRDA:29,3,0,-
DA:30,524
BRDA:30,4,0,524
DA:31,524
BRDA:31,5,0,-
DA:32,524
DA:34,524
DA:35,524
DA:38,89
FN:38,LevrTreasury_v1.onlyGovernor
FNDA:89,LevrTreasury_v1.onlyGovernor
DA:39,89
BRDA:39,6,0,2
DA:43,89
FN:43,LevrTreasury_v1.transfer
FNDA:89,LevrTreasury_v1.transfer
DA:48,89
BRDA:48,7,0,2
DA:49,87
DA:53,87
FN:53,LevrTreasury_v1.applyBoost
FNDA:87,LevrTreasury_v1.applyBoost
DA:54,87
BRDA:54,8,0,2
DA:55,85
BRDA:55,9,0,1
DA:57,84
DA:61,84
DA:62,80
DA:65,78
DA:68,2
FN:68,LevrTreasury_v1.getUnderlyingBalance
FNDA:2,LevrTreasury_v1.getUnderlyingBalance
DA:69,2
DA:73,0
FN:73,LevrTreasury_v1.staking
FNDA:0,LevrTreasury_v1.staking
DA:74,0
DA:77,0
FNF:7
FNH:6
LF:29
LH:26
BRF:10
BRH:7
end_of_record
TN:
SF:src/base/ERC2771ContextBase.sol
DA:24,4673
FN:24,ERC2771ContextBase._msgSender
FNDA:4673,ERC2771ContextBase._msgSender
DA:25,4673
DA:32,0
FN:32,ERC2771ContextBase._msgData
FNDA:0,ERC2771ContextBase._msgData
DA:33,0
DA:40,4673
FN:40,ERC2771ContextBase._contextSuffixLength
FNDA:4673,ERC2771ContextBase._contextSuffixLength
DA:41,4673
FNF:3
FNH:2
LF:6
LH:4
BRF:0
BRH:0
end_of_record
TN:
SF:src/libraries/RewardMath.sol
DA:16,598
FN:16,RewardMath.calculateVestedAmount
FNDA:598,RewardMath.calculateVestedAmount
DA:24,598
BRDA:24,0,0,9
DA:27,589
DA:28,589
DA:29,589
BRDA:29,1,0,22
DA:30,589
BRDA:30,2,0,295
DA:32,294
DA:33,294
BRDA:33,3,0,-
BRDA:33,3,1,-
DA:34,294
BRDA:34,4,0,1
DA:37,293
DA:38,293
DA:46,639
FN:46,RewardMath.calculateProportionalClaim
FNDA:639,RewardMath.calculateProportionalClaim
DA:51,639
BRDA:51,5,0,281
DA:55,358
DA:66,206
FN:66,RewardMath.calculateCurrentPool
FNDA:206,RewardMath.calculateCurrentPool
DA:74,206
DA:75,206
FNF:3
FNH:3
LF:17
LH:17
BRF:7
BRH:5
end_of_record
TN:
SF:test/mocks/MockClankerToken.sol
DA:15,94
FN:15,MockClankerToken.constructor
FNDA:94,MockClankerToken.constructor
DA:16,94
DA:17,94
DA:19,94
DA:23,93
FN:23,MockClankerToken.admin
FNDA:93,MockClankerToken.admin
DA:24,93
DA:28,1
FN:28,MockClankerToken.setAdmin
FNDA:1,MockClankerToken.setAdmin
DA:29,1
FNF:3
FNH:3
LF:8
LH:8
BRF:0
BRH:0
end_of_record
TN:
SF:test/mocks/MockERC20.sol
DA:9,1879
FN:9,MockERC20.constructor
FNDA:1879,MockERC20.constructor
DA:10,1879
DA:13,1716
FN:13,MockERC20.mint
FNDA:1716,MockERC20.mint
DA:14,1716
DA:17,0
FN:17,MockERC20.burn
FNDA:0,MockERC20.burn
DA:18,0
DA:22,672
FN:22,MockERC20.admin
FNDA:672,MockERC20.admin
DA:23,672
FNF:4
FNH:3
LF:8
LH:6
BRF:0
BRH:0
end_of_record
TN:
SF:test/mocks/MockFactory.sol
DA:18,86
FN:18,MockFactory.setProject
FNDA:86,MockFactory.setProject
DA:19,86
DA:20,86
DA:21,86
DA:22,86
DA:26,1
FN:26,MockFactory.clearMetadata
FNDA:1,MockFactory.clearMetadata
DA:27,1
DA:31,226
FN:31,MockFactory.getProject
FNDA:226,MockFactory.getProject
DA:32,226
DA:33,226
DA:43,0
FN:43,MockFactory.getClankerMetadata
FNDA:0,MockFactory.getClankerMetadata
DA:46,0
DA:47,0
FNF:4
FNH:3
LF:13
LH:10
BRF:0
BRH:0
end_of_record
TN:
SF:test/mocks/MockLpLocker.sol
DA:11,0
FN:11,MockLpLocker.collectRewards
FNDA:0,MockLpLocker.collectRewards
FNF:1
FNH:0
LF:1
LH:0
BRF:0
BRH:0
end_of_record
TN:
SF:test/mocks/MockRewardToken.sol
DA:12,291
FN:12,MockRewardToken.constructor
FNDA:291,MockRewardToken.constructor
DA:14,291
FNF:1
FNH:1
LF:2
LH:2
BRF:0
BRH:0
end_of_record
TN:
SF:test/mocks/MockStaking.sol
DA:16,1
FN:16,MockStaking.setShouldRevertOnAccrue
FNDA:1,MockStaking.setShouldRevertOnAccrue
DA:17,1
DA:21,315
FN:21,MockStaking.whitelistToken
FNDA:315,MockStaking.whitelistToken
DA:22,315
DA:26,14
FN:26,MockStaking.accrueRewards
FNDA:14,MockStaking.accrueRewards
DA:27,1
BRDA:27,0,0,1
DA:28,1
DA:34,0
FN:34,MockStaking.PRECISION
FNDA:0,MockStaking.PRECISION
DA:35,0
DA:38,0
FN:38,MockStaking.SECONDS_PER_DAY
FNDA:0,MockStaking.SECONDS_PER_DAY
DA:39,0
DA:42,0
FN:42,MockStaking.BASIS_POINTS
FNDA:0,MockStaking.BASIS_POINTS
DA:43,0
DA:46,0
FN:46,MockStaking.MIN_REWARD_AMOUNT
FNDA:0,MockStaking.MIN_REWARD_AMOUNT
DA:47,0
DA:50,0
FN:50,MockStaking.underlying
FNDA:0,MockStaking.underlying
DA:51,0
DA:54,0
FN:54,MockStaking.stakedToken
FNDA:0,MockStaking.stakedToken
DA:55,0
DA:58,0
FN:58,MockStaking.treasury
FNDA:0,MockStaking.treasury
DA:59,0
DA:62,0
FN:62,MockStaking.factory
FNDA:0,MockStaking.factory
DA:63,0
DA:66,0
FN:66,MockStaking.stake
FNDA:0,MockStaking.stake
DA:68,0
FN:68,MockStaking.unstake
FNDA:0,MockStaking.unstake
DA:69,0
DA:72,0
FN:72,MockStaking.claimRewards
FNDA:0,MockStaking.claimRewards
DA:74,0
FN:74,MockStaking.accrueFromTreasury
FNDA:0,MockStaking.accrueFromTreasury
DA:76,0
FN:76,MockStaking.outstandingRewards
FNDA:0,MockStaking.outstandingRewards
DA:77,0
DA:80,0
FN:80,MockStaking.claimableRewards
FNDA:0,MockStaking.claimableRewards
DA:81,0
DA:84,0
FN:84,MockStaking.stakeStartTime
FNDA:0,MockStaking.stakeStartTime
DA:85,0
DA:88,0
FN:88,MockStaking.getVotingPower
FNDA:0,MockStaking.getVotingPower
DA:89,0
DA:92,0
FN:92,MockStaking.initialize
FNDA:0,MockStaking.initialize
DA:94,0
FN:94,MockStaking.unwhitelistToken
FNDA:0,MockStaking.unwhitelistToken
DA:96,0
FN:96,MockStaking.streamWindowSeconds
FNDA:0,MockStaking.streamWindowSeconds
DA:97,0
DA:100,0
FN:100,MockStaking.getTokenStreamInfo
FNDA:0,MockStaking.getTokenStreamInfo
DA:101,0
DA:104,0
FN:104,MockStaking.rewardRatePerSecond
FNDA:0,MockStaking.rewardRatePerSecond
DA:105,0
DA:108,0
FN:108,MockStaking.aprBps
FNDA:0,MockStaking.aprBps
DA:109,0
DA:112,0
FN:112,MockStaking.stakedBalanceOf
FNDA:0,MockStaking.stakedBalanceOf
DA:113,0
DA:116,0
FN:116,MockStaking.totalStaked
FNDA:0,MockStaking.totalStaked
DA:117,0
DA:120,0
FN:120,MockStaking.escrowBalance
FNDA:0,MockStaking.escrowBalance
DA:121,0
DA:124,0
FN:124,MockStaking.cleanupFinishedRewardToken
FNDA:0,MockStaking.cleanupFinishedRewardToken
DA:126,0
FN:126,MockStaking.getWhitelistedTokens
FNDA:0,MockStaking.getWhitelistedTokens
DA:127,0
DA:130,157
FN:130,MockStaking.isTokenWhitelisted
FNDA:157,MockStaking.isTokenWhitelisted
DA:131,157
FNF:31
FNH:4
LF:57
LH:9
BRF:1
BRH:1
end_of_record
TN:
SF:test/unit/LevrAllContracts_EdgeCases.t.sol
DA:878,0
FN:878,MaliciousZeroTransferToken.transfer
FNDA:0,MaliciousZeroTransferToken.transfer
DA:879,0
BRDA:879,3,0,-
BRDA:879,3,1,-
DA:880,0
DA:883,1
FN:883,MaliciousZeroTransferToken.transferFrom
FNDA:1,MaliciousZeroTransferToken.transferFrom
DA:884,1
BRDA:884,4,0,-
BRDA:884,4,1,-
DA:885,1
FNF:2
FNH:1
LF:6
LH:3
BRF:4
BRH:0
end_of_record
TN:
SF:test/unit/LevrComparativeAudit.t.sol
DA:489,1
FN:489,MaliciousTreasuryReceiver.constructor
FNDA:1,MaliciousTreasuryReceiver.constructor
DA:490,1
DA:491,1
DA:496,0
FN:496,MaliciousTreasuryReceiver.onTransferReceived
FNDA:0,MaliciousTreasuryReceiver.onTransferReceived
DA:497,0
BRDA:497,0,0,-
DA:498,0
DA:500,0
BRDA:500,1,0,-
DA:506,0
DA:513,0
FN:513,MaliciousReceiver.fallback
FNDA:0,MaliciousReceiver.fallback
DA:514,0
FNF:3
FNH:1
LF:10
LH:3
BRF:2
BRH:0
end_of_record
TN:
SF:test/unit/LevrFactory.ClankerValidation.t.sol
DA:464,13
FN:464,MockClankerTokenForTest.constructor.0
FNDA:13,MockClankerTokenForTest.constructor.0
DA:465,13
DA:467,13
DA:471,13
FN:471,MockClankerTokenForTest.admin
FNDA:13,MockClankerTokenForTest.admin
DA:472,13
DA:481,42
FN:481,MockClankerFactory.constructor.1
FNDA:42,MockClankerFactory.constructor.1
DA:482,42
DA:485,13
FN:485,MockClankerFactory.deployToken
FNDA:13,MockClankerFactory.deployToken
DA:490,13
DA:492,13
DA:499,0
DA:502,11
FN:502,MockClankerFactory.tokenDeploymentInfo
FNDA:11,MockClankerFactory.tokenDeploymentInfo
DA:505,11
DA:506,11
BRDA:506,0,0,-
BRDA:506,0,1,-
DA:507,0
FNF:5
FNH:5
LF:15
LH:13
BRF:2
BRH:0
end_of_record
TN:
SF:test/unit/LevrFactory_TrustedFactoryRemoval.t.sol
DA:22,15
FN:22,MockClankerTokenForTest.constructor
FNDA:15,MockClankerTokenForTest.constructor
DA:23,15
DA:24,15
DA:27,15
FN:27,MockClankerTokenForTest.admin
FNDA:15,MockClankerTokenForTest.admin
DA:28,15
DA:36,15
FN:36,MockClankerFactory.deployToken
FNDA:15,MockClankerFactory.deployToken
DA:41,15
DA:43,15
DA:50,0
DA:53,15
FN:53,MockClankerFactory.tokenDeploymentInfo
FNDA:15,MockClankerFactory.tokenDeploymentInfo
DA:56,15
DA:57,15
BRDA:57,0,0,-
BRDA:57,0,1,-
DA:58,0
FNF:4
FNH:4
LF:13
LH:11
BRF:2
BRH:0
end_of_record
TN:
SF:test/unit/LevrFeeSplitter.CompleteBranchCoverage.t.sol
DA:25,1
FN:25,RevertingToken.transfer
FNDA:1,RevertingToken.transfer
DA:26,1
DA:29,0
FN:29,RevertingToken.transferFrom
FNDA:0,RevertingToken.transferFrom
DA:30,0
FNF:2
FNH:1
LF:4
LH:2
BRF:0
BRH:0
end_of_record
TN:
SF:test/unit/LevrFeeSplitter_MissingEdgeCases.t.sol
DA:24,0
FN:24,MaliciousReceiver.fallback
FNDA:0,MaliciousReceiver.fallback
DA:25,0
DA:28,0
FN:28,MaliciousReceiver.receive
FNDA:0,MaliciousReceiver.receive
DA:29,0
DA:39,0
FN:39,ReentrantReceiver.setSplitter
FNDA:0,ReentrantReceiver.setSplitter
DA:40,0
DA:41,0
DA:45,0
FN:45,ReentrantReceiver.transfer
FNDA:0,ReentrantReceiver.transfer
DA:46,0
BRDA:46,0,0,-
DA:47,0
DA:49,0
DA:51,0
DA:54,0
FN:54,ReentrantReceiver.balanceOf
FNDA:0,ReentrantReceiver.balanceOf
DA:55,0
DA:59,0
FN:59,ReentrantReceiver.totalSupply
FNDA:0,ReentrantReceiver.totalSupply
DA:60,0
DA:62,0
FN:62,ReentrantReceiver.allowance
FNDA:0,ReentrantReceiver.allowance
DA:63,0
DA:65,0
FN:65,ReentrantReceiver.approve
FNDA:0,ReentrantReceiver.approve
DA:66,0
DA:68,0
FN:68,ReentrantReceiver.transferFrom
FNDA:0,ReentrantReceiver.transferFrom
DA:69,0
FNF:9
FNH:0
LF:22
LH:0
BRF:1
BRH:0
end_of_record
TN:
SF:test/unit/LevrForwarder.CompleteBranchCoverage.t.sol
DA:16,0
FN:16,RevertingContract.fail
FNDA:0,RevertingContract.fail
DA:17,0
FNF:1
FNH:0
LF:2
LH:0
BRF:0
BRH:0
end_of_record
TN:
SF:test/unit/LevrForwarderV1.t.sol
DA:561,1
FN:561,MaliciousReentrancy.constructor
FNDA:1,MaliciousReentrancy.constructor
DA:562,1
DA:565,1
FN:565,MaliciousReentrancy.attack
FNDA:1,MaliciousReentrancy.attack
DA:567,1
DA:568,1
DA:579,1
BRDA:579,2,0,1
DA:580,0
DA:584,0
FN:584,MaliciousReentrancy.increment
FNDA:0,MaliciousReentrancy.increment
FNF:3
FNH:2
LF:8
LH:6
BRF:1
BRH:1
end_of_record
TN:
SF:test/unit/LevrStaking.FeeOnTransfer.t.sol
DA:195,4
FN:195,FeeOnTransferToken.constructor
FNDA:4,FeeOnTransferToken.constructor
DA:196,4
DA:197,4
DA:200,8
FN:200,FeeOnTransferToken.mint
FNDA:8,FeeOnTransferToken.mint
DA:201,8
DA:204,5
FN:204,FeeOnTransferToken.admin
FNDA:5,FeeOnTransferToken.admin
DA:205,5
DA:209,1
FN:209,FeeOnTransferToken.transfer
FNDA:1,FeeOnTransferToken.transfer
DA:210,1
DA:211,1
DA:214,1
DA:217,1
DA:221,5
FN:221,FeeOnTransferToken.transferFrom
FNDA:5,FeeOnTransferToken.transferFrom
DA:222,5
DA:223,5
DA:226,5
DA:229,5
DA:232,5
DA:233,5
BRDA:233,0,0,-
BRDA:233,0,1,-
DA:234,5
DA:236,5
FNF:5
FNH:5
LF:21
LH:21
BRF:2
BRH:0
end_of_record
TN:
SF:test/unit/LevrTreasury.CompleteBranchCoverage.t.sol
DA:26,1
FN:26,NonStandardToken.setShouldRevert
FNDA:1,NonStandardToken.setShouldRevert
DA:27,1
DA:30,1
FN:30,NonStandardToken.transfer
FNDA:1,NonStandardToken.transfer
DA:31,1
BRDA:31,0,0,1
DA:32,0
DA:35,0
FN:35,NonStandardToken.transferFrom
FNDA:0,NonStandardToken.transferFrom
DA:36,0
BRDA:36,1,0,-
DA:37,0
FNF:3
FNH:2
LF:8
LH:4
BRF:2
BRH:1
end_of_record
TN:
SF:test/unit/LevrTreasuryV1.t.sol
DA:169,0
FN:169,MaliciousReceiver.transfer.0
FNDA:0,MaliciousReceiver.transfer.0
DA:170,0
BRDA:170,0,0,-
DA:171,0
DA:173,0
DA:176,0
FN:176,MaliciousReceiver.receive
FNDA:0,MaliciousReceiver.receive
DA:177,0
BRDA:177,1,0,-
DA:178,0
DA:188,1
FN:188,FeeOnTransferToken.transfer.1
FNDA:1,FeeOnTransferToken.transfer.1
DA:189,1
DA:190,1
DA:193,1
DA:196,1
DA:199,0
FN:199,FeeOnTransferToken.transferFrom.0
FNDA:0,FeeOnTransferToken.transferFrom.0
DA:200,0
DA:201,0
DA:204,0
DA:207,0
DA:214,1
FN:214,RevertingToken.transfer.2
FNDA:1,RevertingToken.transfer.2
DA:215,1
DA:218,0
FN:218,RevertingToken.transferFrom.1
FNDA:0,RevertingToken.transferFrom.1
DA:219,0
FNF:6
FNH:2
LF:21
LH:7
BRF:2
BRH:0
end_of_record
TN:
SF:test/unit/RewardMath.CompleteBranchCoverage.t.sol
DA:11,0
FN:11,RewardMathWrapper.calculateVestedAmount
FNDA:0,RewardMathWrapper.calculateVestedAmount
DA:18,0
FNF:1
FNH:0
LF:2
LH:0
BRF:0
BRH:0
end_of_record
TN:
SF:test/utils/BaseForkTest.sol
DA:14,0
FN:14,BaseForkTest.setUp
FNDA:0,BaseForkTest.setUp
DA:15,0
DA:16,0
DA:19,0
FN:19,BaseForkTest._forkBaseMainnet
FNDA:0,BaseForkTest._forkBaseMainnet
DA:20,0
DA:22,0
DA:23,0
FNF:2
FNH:0
LF:7
LH:0
BRF:0
BRH:0
end_of_record
TN:
SF:test/utils/ClankerDeployer.sol
DA:35,0
FN:35,ClankerDeployer._staticFeeData
FNDA:0,ClankerDeployer._staticFeeData
DA:40,0
DA:41,0
DA:42,0
DA:45,0
FN:45,ClankerDeployer.deployFactoryStaticFull
FNDA:0,ClankerDeployer.deployFactoryStaticFull
DA:53,0
DA:80,0
FN:80,ClankerDeployer.deployFactoryStaticFullWithOptions
FNDA:0,ClankerDeployer.deployFactoryStaticFullWithOptions
DA:96,0
BRDA:96,0,0,-
BRDA:96,0,1,-
DA:97,0
BRDA:97,1,0,-
DA:100,0
DA:101,0
DA:102,0
DA:103,0
DA:106,0
DA:107,0
DA:109,0
DA:121,0
DA:126,0
DA:128,0
DA:137,0
DA:138,0
DA:139,0
DA:143,0
DA:144,0
DA:145,0
DA:146,0
DA:147,0
DA:148,0
DA:149,0
DA:150,0
DA:151,0
DA:152,0
DA:153,0
DA:154,0
DA:156,0
DA:168,0
DA:169,0
DA:175,0
DA:176,0
BRDA:176,2,0,-
DA:177,0
BRDA:177,3,0,-
DA:179,0
DA:180,0
DA:183,0
BRDA:183,4,0,-
DA:184,0
DA:185,0
BRDA:185,5,0,-
DA:187,0
DA:193,0
DA:200,0
DA:206,0
DA:210,0
BRDA:210,6,0,-
DA:214,0
DA:215,0
DA:221,0
DA:227,0
DA:230,0
DA:239,0
FNF:3
FNH:0
LF:56
LH:0
BRF:8
BRH:0
end_of_record
TN:
SF:test/utils/LevrFactoryDeployHelper.sol
DA:24,421
FN:24,LevrFactoryDeployHelper.deployFactory
FNDA:421,LevrFactoryDeployHelper.deployFactory
DA:33,421
DA:37,421
DA:38,421
DA:41,421
DA:44,406
DA:45,421
BRDA:45,0,0,416
DA:47,416
DA:51,421
DA:52,421
DA:55,421
DA:64,421
BRDA:64,1,0,-
BRDA:64,1,1,-
DA:68,421
BRDA:68,2,0,421
BRDA:68,2,1,-
DA:74,421
BRDA:74,3,0,407
DA:75,407
DA:76,407
DA:86,407
FN:86,LevrFactoryDeployHelper.deployFactoryWithDefaultClanker
FNDA:407,LevrFactoryDeployHelper.deployFactoryWithDefaultClanker
DA:94,407
DA:95,407
DA:101,318
FN:101,LevrFactoryDeployHelper.createDefaultConfig
FNDA:318,LevrFactoryDeployHelper.createDefaultConfig
DA:104,318
DA:127,122
FN:127,LevrFactoryDeployHelper.initializeStakingWithRewardTokens
FNDA:122,LevrFactoryDeployHelper.initializeStakingWithRewardTokens
DA:137,122
DA:148,0
FN:148,LevrFactoryDeployHelper.initializeStakingWithRewardToken
FNDA:0,LevrFactoryDeployHelper.initializeStakingWithRewardToken
DA:156,0
DA:157,0
DA:158,0
DA:173,43
FN:173,LevrFactoryDeployHelper.whitelistRewardToken
FNDA:43,LevrFactoryDeployHelper.whitelistRewardToken
DA:178,43
DA:179,43
DA:180,43
BRDA:180,4,0,43
BRDA:180,4,1,-
DA:188,0
FN:188,LevrFactoryDeployHelper.setupAndWhitelistToken
FNDA:0,LevrFactoryDeployHelper.setupAndWhitelistToken
DA:193,0
FNF:7
FNH:5
LF:33
LH:27
BRF:8
BRH:4
end_of_record
TN:
SF:test/utils/MerkleAirdropHelper.sol
DA:9,0
FN:9,MerkleAirdropHelper.computeClankerLeaf
FNDA:0,MerkleAirdropHelper.computeClankerLeaf
DA:13,0
DA:14,0
DA:19,0
FN:19,MerkleAirdropHelper.singleLeafRoot
FNDA:0,MerkleAirdropHelper.singleLeafRoot
DA:23,0
FNF:2
FNH:0
LF:5
LH:0
BRF:0
BRH:0
end_of_record
TN:
SF:test/utils/SwapV4Helper.sol
DA:97,0
FN:97,SwapV4Helper.executeSwap
FNDA:0,SwapV4Helper.executeSwap
DA:99,0
BRDA:99,0,0,-
BRDA:99,0,1,-
DA:100,0
BRDA:100,1,0,-
BRDA:100,1,1,-
DA:102,0
DA:105,0
DA:109,0
DA:110,0
DA:111,0
DA:112,0
DA:115,0
BRDA:115,2,0,-
BRDA:115,2,1,-
DA:116,0
BRDA:116,3,0,-
BRDA:116,3,1,-
DA:118,0
BRDA:118,4,0,-
BRDA:118,4,1,-
DA:120,0
DA:124,0
DA:129,0
DA:132,0
DA:136,0
DA:139,0
BRDA:139,5,0,-
BRDA:139,5,1,-
DA:141,0
DA:151,0
DA:160,0
FN:160,SwapV4Helper._setupTokenApprovals
FNDA:0,SwapV4Helper._setupTokenApprovals
DA:161,0
DA:164,0
DA:165,0
BRDA:165,6,0,-
DA:166,0
DA:170,0
DA:176,0
BRDA:176,7,0,-
DA:177,0
DA:178,0
DA:180,0
DA:191,0
FN:191,SwapV4Helper._executeUniversalRouterSwap
FNDA:0,SwapV4Helper._executeUniversalRouterSwap
DA:197,0
DA:198,0
DA:200,0
BRDA:200,8,0,-
BRDA:200,8,1,-
DA:202,0
DA:203,0
BRDA:203,9,0,-
BRDA:203,9,1,-
DA:205,0
DA:206,0
BRDA:206,10,0,-
BRDA:206,10,1,-
DA:208,0
DA:211,0
DA:215,0
DA:216,0
DA:223,0
FN:223,SwapV4Helper._buildNativeToTokenCommands
FNDA:0,SwapV4Helper._buildNativeToTokenCommands
DA:226,0
DA:228,0
DA:231,0
DA:234,0
DA:240,0
DA:241,0
DA:250,0
DA:251,0
DA:253,0
DA:260,0
FN:260,SwapV4Helper._buildTokenToNativeCommands
FNDA:0,SwapV4Helper._buildTokenToNativeCommands
DA:263,0
DA:265,0
DA:268,0
DA:274,0
DA:275,0
DA:284,0
DA:285,0
DA:287,0
DA:290,0
DA:297,0
FN:297,SwapV4Helper._buildTokenToTokenCommands
FNDA:0,SwapV4Helper._buildTokenToTokenCommands
DA:300,0
DA:301,0
DA:304,0
DA:310,0
DA:311,0
DA:320,0
DA:321,0
DA:323,0
DA:330,0
FN:330,SwapV4Helper._buildNativeToNativeCommands
FNDA:0,SwapV4Helper._buildNativeToNativeCommands
DA:333,0
DA:339,0
DA:342,0
DA:345,0
DA:351,0
DA:352,0
DA:361,0
DA:362,0
DA:364,0
DA:367,0
DA:379,0
FN:379,SwapV4Helper.getPoolInfo
FNDA:0,SwapV4Helper.getPoolInfo
DA:392,0
DA:393,0
DA:404,0
FN:404,SwapV4Helper.checkSwapRequirements
FNDA:0,SwapV4Helper.checkSwapRequirements
DA:409,0
DA:411,0
BRDA:411,11,0,-
BRDA:411,11,1,-
DA:413,0
DA:414,0
DA:417,0
DA:419,0
DA:420,0
DA:426,0
DA:437,0
FN:437,SwapV4Helper.recoverToken
FNDA:0,SwapV4Helper.recoverToken
DA:438,0
BRDA:438,12,0,-
BRDA:438,12,1,-
DA:439,0
DA:441,0
DA:452,0
FN:452,SwapV4Helper.swapETHForToken
FNDA:0,SwapV4Helper.swapETHForToken
DA:457,0
BRDA:457,13,0,-
BRDA:457,13,1,-
DA:459,0
DA:468,0
DA:478,0
FN:478,SwapV4Helper.swapTokenForETH
FNDA:0,SwapV4Helper.swapTokenForETH
DA:483,0
DA:492,0
DA:502,0
FN:502,SwapV4Helper.generateFeesWithSwaps
FNDA:0,SwapV4Helper.generateFeesWithSwaps
DA:507,0
BRDA:507,14,0,-
BRDA:507,14,1,-
DA:508,0
BRDA:508,15,0,-
BRDA:508,15,1,-
DA:510,0
DA:511,0
DA:512,0
DA:514,0
DA:515,0
BRDA:515,16,0,-
DA:518,0
DA:519,0
DA:522,0
BRDA:522,17,0,-
DA:523,0
DA:525,0
BRDA:525,18,0,-
DA:531,0
BRDA:531,16,1,-
DA:533,0
DA:538,0
DA:540,0
FNF:13
FNH:0
LF:122
LH:0
BRF:34
BRH:0
end_of_record
